[Message: Preloader] BepInEx 6.0.0-be.704 - ブルリフ燦
[Message: Preloader] Built from commit 6b38cee1277f4e3da5f2f685aee8b503a14d4054
[Info   :   BepInEx] System platform: Windows 10 (Wine 10.4) 64-bit
[Info   :   BepInEx] Process bitness: 64-bit (x64)
[Info   :   BepInEx] Running under Unity 2020.3.42f1
[Info   :   BepInEx] Runtime version: 6.0.7
[Info   :   BepInEx] Runtime information: .NET 6.0.7
[Warning:InteropManager] Interop assemblies are possibly out of date. To disable this message, create file Z:\mnt\nvme0n1p1\gmdl\brsun\BRS_Client\BepInEx\interop\assembly-hash.txt with the following contents: b878a847495e61a5661d0e5f1286ffc7
[Info   : Preloader] 0 patcher plugins loaded
[Info   : Preloader] 0 assemblies discovered
[Message:AssemblyPatcher] Executing 0 patch(es)
[Message:   BepInEx] Chainloader initialized
[Info   :Il2CppInterop] Registered mono type Il2CppInterop.Runtime.DelegateSupport+Il2CppToMonoDelegateReference in il2cpp domain
[Info   :   BepInEx] 2 plugins to load
[Info   :   BepInEx] Loading [XUnity Auto Translator 5.4.0]
[Info   :Il2CppInterop] Registered mono type XUnity.AutoTranslator.Plugin.Core.PluginLoader+AutoTranslatorProxyBehaviour in il2cpp domain
[Info   :   BepInEx] Loading [XUnity Resource Redirector 2.1.0]
[Message:   BepInEx] Chainloader startup complete
[Info   :XUnity.AutoTranslator] Force loading ALL proxy assemblies.
[Info   :XUnity.AutoTranslator] Version of TextMesh Pro: 1.4.0.
[Warning:  HarmonyX] AccessTools.Method: Could not find method for type TMPro.TMP_Text and name SetCharArray and parameters (Il2CppInterop.Runtime.InteropTypes.Arrays.Il2CppStructArray<int>, int, int)
[Warning:XUnity.AutoTranslator] Could not hook 'TMP_Text_SetCharArray_Hook3'. Likely due differences between different versions of the engine or text framework.
[Info   :XUnity.AutoTranslator] Loaded XUnity.AutoTranslator into Unity [2020.3.42f1] game.
[Info   :Il2CppInterop] Registered mono type XUnity.AutoTranslator.Plugin.Core.Il2CppManagedEnumerator in il2cpp domain
[Info   :XUnity.AutoTranslator] Skipping plugin scan because no plugin-specific translations has been registered.
[Error  :XUnity.AutoTranslator] Batch operation received incorrect number of translations.
[Error  :XUnity.AutoTranslator] Failed: 'この作品はフィクションです。
実在の人物、団体、事件などには関係ありません。'
[Error  :XUnity.AutoTranslator] Failed: 'このアプリは無料でプレイできますが、
一部有料アイテムがございます。'
[Error  :XUnity.AutoTranslator] Failed: '有料アイテムの購入につきましては、お客様の年齢ごとに
１ヶ月あたりの購入上限を定めております。'
[Error  :XUnity.AutoTranslator] Failed: 'このアプリは音声が再生されます。
音量にご注意ください。'
[Error  :XUnity.AutoTranslator] A batch operation failed. Disabling batching and restarting failed jobs.
[Info   :XUnity.AutoTranslator] Re-enabled batching.
